Build started 09-Apr-18 1:14:58 PM.
     1>Project "C:\Users\vBitza\Desktop\Spacecraft\Spacecraft\Spacecraft.vcxproj" on node 2 (Build target(s)).
     1>ClCompile:
         C:\Program Files (x86)\Microsoft Visual Studio 11.0\VC\bin\CL.exe /c /I"C:\gabi\FreeGlut\glew-1.11.0\include" /IC:\gabi\FreeGlut\freeglut\include /Zi /nologo /W3 /WX- /O2 /Oi /Oy- /GL /D _MBCS /Gm- /EHsc /MD /GS /Gy /fp:precise /Zc:wchar_t /Zc:forScope /Fo"Release\\" /Fd"Release\vc110.pdb" /Gd /TP /analyze- /errorReport:prompt Draw.cpp Engine.cpp Global.cpp Source.cpp Keyboard.cpp
         Draw.cpp
     1>c:\users\vbitza\desktop\spacecraft\spacecraft\Spaceship.h(8): warning C4091: 'static ' : ignored on left of 'Body' when no variable is declared
     1>c:\users\vbitza\desktop\spacecraft\spacecraft\Spaceship.h(13): warning C4091: 'static ' : ignored on left of 'Wings' when no variable is declared
     1>c:\users\vbitza\desktop\spacecraft\spacecraft\Spaceship.h(18): warning C4091: 'static ' : ignored on left of 'Cockpit' when no variable is declared
     1>c:\users\vbitza\desktop\spacecraft\spacecraft\Spaceship.h(23): warning C4091: 'static ' : ignored on left of 'MisslesLauncher' when no variable is declared
     1>c:\users\vbitza\desktop\spacecraft\spacecraft\Spaceship.h(34): warning C4091: 'static ' : ignored on left of 'Spaceship' when no variable is declared
     1>Draw.cpp(14): warning C4305: 'argument' : truncation from 'double' to 'GLfloat'
     1>Draw.cpp(38): warning C4305: 'argument' : truncation from 'double' to 'GLfloat'
     1>Draw.cpp(40): warning C4305: 'argument' : truncation from 'double' to 'GLfloat'
     1>Draw.cpp(106): warning C4244: 'argument' : conversion from 'double' to 'GLfloat', possible loss of data
     1>Draw.cpp(127): warning C4244: 'argument' : conversion from 'int' to 'GLfloat', possible loss of data
     1>Draw.cpp(128): warning C4244: 'argument' : conversion from 'int' to 'GLfloat', possible loss of data
     1>Draw.cpp(129): warning C4244: 'argument' : conversion from 'int' to 'GLfloat', possible loss of data
         Engine.cpp
     1>c:\users\vbitza\desktop\spacecraft\spacecraft\Spaceship.h(8): warning C4091: 'static ' : ignored on left of 'Body' when no variable is declared
     1>c:\users\vbitza\desktop\spacecraft\spacecraft\Spaceship.h(13): warning C4091: 'static ' : ignored on left of 'Wings' when no variable is declared
     1>c:\users\vbitza\desktop\spacecraft\spacecraft\Spaceship.h(18): warning C4091: 'static ' : ignored on left of 'Cockpit' when no variable is declared
     1>c:\users\vbitza\desktop\spacecraft\spacecraft\Spaceship.h(23): warning C4091: 'static ' : ignored on left of 'MisslesLauncher' when no variable is declared
     1>c:\users\vbitza\desktop\spacecraft\spacecraft\Spaceship.h(34): warning C4091: 'static ' : ignored on left of 'Spaceship' when no variable is declared
     1>Engine.cpp(20): warning C4244: '=' : conversion from 'int' to 'float', possible loss of data
     1>Engine.cpp(94): warning C4244: '=' : conversion from 'double' to 'float', possible loss of data
     1>Engine.cpp(102): warning C4244: '-=' : conversion from 'double' to 'float', possible loss of data
     1>Engine.cpp(104): warning C4244: '+=' : conversion from 'double' to 'float', possible loss of data
     1>Engine.cpp(106): warning C4244: '-=' : conversion from 'double' to 'float', possible loss of data
     1>Engine.cpp(108): warning C4244: '+=' : conversion from 'double' to 'float', possible loss of data
     1>Engine.cpp(119): warning C4244: 'argument' : conversion from 'double' to 'float', possible loss of data
         Global.cpp
     1>c:\users\vbitza\desktop\spacecraft\spacecraft\Spaceship.h(8): warning C4091: 'static ' : ignored on left of 'Body' when no variable is declared
     1>c:\users\vbitza\desktop\spacecraft\spacecraft\Spaceship.h(13): warning C4091: 'static ' : ignored on left of 'Wings' when no variable is declared
     1>c:\users\vbitza\desktop\spacecraft\spacecraft\Spaceship.h(18): warning C4091: 'static ' : ignored on left of 'Cockpit' when no variable is declared
     1>c:\users\vbitza\desktop\spacecraft\spacecraft\Spaceship.h(23): warning C4091: 'static ' : ignored on left of 'MisslesLauncher' when no variable is declared
     1>c:\users\vbitza\desktop\spacecraft\spacecraft\Spaceship.h(34): warning C4091: 'static ' : ignored on left of 'Spaceship' when no variable is declared
         Source.cpp
     1>c:\users\vbitza\desktop\spacecraft\spacecraft\Spaceship.h(8): warning C4091: 'static ' : ignored on left of 'Body' when no variable is declared
     1>c:\users\vbitza\desktop\spacecraft\spacecraft\Spaceship.h(13): warning C4091: 'static ' : ignored on left of 'Wings' when no variable is declared
     1>c:\users\vbitza\desktop\spacecraft\spacecraft\Spaceship.h(18): warning C4091: 'static ' : ignored on left of 'Cockpit' when no variable is declared
     1>c:\users\vbitza\desktop\spacecraft\spacecraft\Spaceship.h(23): warning C4091: 'static ' : ignored on left of 'MisslesLauncher' when no variable is declared
     1>c:\users\vbitza\desktop\spacecraft\spacecraft\Spaceship.h(34): warning C4091: 'static ' : ignored on left of 'Spaceship' when no variable is declared
     1>Source.cpp(38): warning C4305: 'argument' : truncation from 'double' to 'GLclampf'
     1>Source.cpp(51): warning C4244: 'argument' : conversion from 'double' to 'GLfloat', possible loss of data
         Keyboard.cpp
     1>c:\users\vbitza\desktop\spacecraft\spacecraft\Spaceship.h(8): warning C4091: 'static ' : ignored on left of 'Body' when no variable is declared
     1>c:\users\vbitza\desktop\spacecraft\spacecraft\Spaceship.h(13): warning C4091: 'static ' : ignored on left of 'Wings' when no variable is declared
     1>c:\users\vbitza\desktop\spacecraft\spacecraft\Spaceship.h(18): warning C4091: 'static ' : ignored on left of 'Cockpit' when no variable is declared
     1>c:\users\vbitza\desktop\spacecraft\spacecraft\Spaceship.h(23): warning C4091: 'static ' : ignored on left of 'MisslesLauncher' when no variable is declared
     1>c:\users\vbitza\desktop\spacecraft\spacecraft\Spaceship.h(34): warning C4091: 'static ' : ignored on left of 'Spaceship' when no variable is declared
       Link:
         C:\Program Files (x86)\Microsoft Visual Studio 11.0\VC\bin\link.exe /ERRORREPORT:PROMPT /OUT:"C:\Users\vBitza\Desktop\Spacecraft\Release\Spacecraft.exe" /NOLOGO /LIBPATH:"C:\gabi\FreeGlut\glew-1.11.0\lib" /LIBPATH:C:\gabi\FreeGlut\freeglut\lib freeglut.lib glew32.lib kernel32.lib user32.lib gdi32.lib winspool.lib comdlg32.lib advapi32.lib shell32.lib ole32.lib oleaut32.lib uuid.lib odbc32.lib odbccp32.lib /MANIFEST /MANIFESTUAC:"level='asInvoker' uiAccess='false'" /manifest:embed /DEBUG /PDB:"C:\Users\vBitza\Desktop\Spacecraft\Release\Spacecraft.pdb" /OPT:REF /OPT:ICF /LTCG /TLBID:1 /DYNAMICBASE /NXCOMPAT /IMPLIB:"C:\Users\vBitza\Desktop\Spacecraft\Release\Spacecraft.lib" /MACHINE:X86 /SAFESEH Release\Draw.obj
         Release\Engine.obj
         Release\Global.obj
         Release\Source.obj
         Release\Keyboard.obj
         Release\Spaceship.obj
         Generating code
         Finished generating code
         Spacecraft.vcxproj -> C:\Users\vBitza\Desktop\Spacecraft\Release\Spacecraft.exe
     1>Done Building Project "C:\Users\vBitza\Desktop\Spacecraft\Spacecraft\Spacecraft.vcxproj" (Build target(s)).

Build succeeded.

Time Elapsed 00:00:03.54
