C:\USERS\VBITZA\DESKTOP\SPACECRAFT\SPACECRAFT\RELEASE\SPACESHIP.OBJ
C:\USERS\VBITZA\DESKTOP\SPACECRAFT\SPACECRAFT\RELEASE\SOURCE.OBJ
C:\USERS\VBITZA\DESKTOP\SPACECRAFT\SPACECRAFT\RELEASE\KEYBOARD.OBJ
C:\USERS\VBITZA\DESKTOP\SPACECRAFT\SPACECRAFT\RELEASE\DRAW.OBJ
C:\USERS\VBITZA\DESKTOP\SPACECRAFT\SPACECRAFT\RELEASE\GAMEENGINE.OBJ
C:\USERS\VBITZA\DESKTOP\SPACECRAFT\SPACECRAFT\RELEASE\ENGINE.OBJ
C:\USERS\VBITZA\DESKTOP\SPACECRAFT\SPACECRAFT\RELEASE\VC110.PDB
C:\USERS\VBITZA\DESKTOP\SPACECRAFT\RELEASE\SPACECRAFT.EXE
C:\USERS\VBITZA\DESKTOP\SPACECRAFT\RELEASE\SPACECRAFT.PDB
C:\Users\vBitza\Desktop\Spacecraft\Spacecraft\Release\Draw.obj
C:\Users\vBitza\Desktop\Spacecraft\Spacecraft\Release\Engine.obj
C:\Users\vBitza\Desktop\Spacecraft\Spacecraft\Release\GameEngine.obj
C:\Users\vBitza\Desktop\Spacecraft\Spacecraft\Release\Keyboard.obj
C:\Users\vBitza\Desktop\Spacecraft\Spacecraft\Release\Source.obj
C:\Users\vBitza\Desktop\Spacecraft\Spacecraft\Release\Spaceship.obj
C:\Users\vBitza\Desktop\Spacecraft\Spacecraft\Release\cl.command.1.tlog
C:\Users\vBitza\Desktop\Spacecraft\Spacecraft\Release\CL.read.1.tlog
C:\Users\vBitza\Desktop\Spacecraft\Spacecraft\Release\CL.write.1.tlog
C:\Users\vBitza\Desktop\Spacecraft\Spacecraft\Release\link-cvtres.read.1.tlog
C:\Users\vBitza\Desktop\Spacecraft\Spacecraft\Release\link-cvtres.write.1.tlog
C:\Users\vBitza\Desktop\Spacecraft\Spacecraft\Release\link-rc.read.1.tlog
C:\Users\vBitza\Desktop\Spacecraft\Spacecraft\Release\link-rc.write.1.tlog
C:\Users\vBitza\Desktop\Spacecraft\Spacecraft\Release\link.command.1.tlog
C:\Users\vBitza\Desktop\Spacecraft\Spacecraft\Release\link.read.1.tlog
C:\Users\vBitza\Desktop\Spacecraft\Spacecraft\Release\link.write.1.tlog
C:\Users\vBitza\Desktop\Spacecraft\Spacecraft\Release\vc110.pdb
C:\Users\vBitza\Desktop\Spacecraft\Release\Spacecraft.pdb
